0 info it worked if it ends with ok
1 verbose cli [ 'C:\\Program Files\\nodejs\\node.exe',
1 verbose cli   'C:\\Program Files\\nodejs\\node_modules\\npm\\bin\\npm-cli.js',
1 verbose cli   'start' ]
2 info using npm@3.9.3
3 info using node@v6.2.1
4 verbose run-script [ 'prestart', 'start', 'poststart' ]
5 info lifecycle graphql@1.0.0~prestart: graphql@1.0.0
6 silly lifecycle graphql@1.0.0~prestart: no script for prestart, continuing
7 info lifecycle graphql@1.0.0~start: graphql@1.0.0
8 verbose lifecycle graphql@1.0.0~start: unsafe-perm in lifecycle true
9 verbose lifecycle graphql@1.0.0~start: PATH: C:\Users\Worawut.TONMAN-PC\AppData\Roaming\nvm\v6.2.1\node_modules\npm\bin\node-gyp-bin;C:\Project\GraphQL\node_modules\.bin;C:\Program Files\nodejs;C:\Program Files\Docker\Docker\Resources\bin;C:\ProgramData\Oracle\Java\javapath;c:\program files\graphicsmagick-1.3.18-q16;C:\Program Files\Ruby200-x64\bin;C:\WINDOWS\system32;C:\WINDOWS;C:\WINDOWS\System32\Wbem;C:\WINDOWS\System32\WindowsPowerShell\v1.0\;C:\Program Files (x86)\Microsoft ASP.NET\ASP.NET Web Pages\v1.0\;C:\Program Files\Microsoft SQL Server\110\Tools\Binn\;C:\Program Files (x86)\Microsoft SQL Server\110\Tools\Binn\;C:\Program Files\Microsoft SQL Server\110\DTS\Binn\;C:\Program Files (x86)\Microsoft SQL Server\110\Tools\Binn\ManagementStudio\;C:\Program Files (x86)\Microsoft SQL Server\110\DTS\Binn\;C:\Program Files\Microsoft\Web Platform Installer\;C:\Python;C:\PhontomJS;C:\MongoDB\bin;C:\Users\Worawut\AppData\Local\Android\android-sdk\tools;C:\Users\Worawut\AppData\Local\Android\android-sdk\platform-tools;C:\tools\apache-ant-1.9.4\bin;C:\Program Files\Microsoft SQL Server\120\Tools\Binn\;C:\Program Files (x86)\GnuWin32\bin;C:\Users\Worawut.TONMAN-PC\AppData\Roaming\nvm;C:\Program Files\nodejs;C:\Users\Worawut.TONMAN-PC\.dnx\bin;C:\Program Files\Microsoft DNX\Dnvm\;C:\WINDOWS\system32;C:\WINDOWS;C:\WINDOWS\System32\Wbem;C:\WINDOWS\System32\WindowsPowerShell\v1.0\;C:\Program Files\Microsoft SQL Server\130\Tools\Binn\;C:\Program Files (x86)\Windows Kits\10\Windows Performance Toolkit\;C:\Program Files (x86)\nodejs\;C:\Program Files\Git\cmd;C:\Program Files (x86)\NVIDIA Corporation\PhysX\Common;C:\Go\bin;C:\Users\Worawut.TONMAN-PC\.dnx\bin;C:\Users\Worawut.TONMAN-PC\AppData\Roaming\nvm;C:\Program Files\nodejs;C:\Users\Worawut.TONMAN-PC\AppData\Roaming\npm;C:\Users\Worawut.TONMAN-PC\AppData\Local\Microsoft\WindowsApps;
10 verbose lifecycle graphql@1.0.0~start: CWD: C:\Project\GraphQL
11 silly lifecycle graphql@1.0.0~start: Args: [ '/d /s /c', 'node app.js' ]
12 silly lifecycle graphql@1.0.0~start: Returned: code: 1  signal: null
13 info lifecycle graphql@1.0.0~start: Failed to exec start script
14 verbose stack Error: graphql@1.0.0 start: `node app.js`
14 verbose stack Exit status 1
14 verbose stack     at EventEmitter.<anonymous> (C:\Users\Worawut.TONMAN-PC\AppData\Roaming\nvm\v6.2.1\node_modules\npm\lib\utils\lifecycle.js:245:16)
14 verbose stack     at emitTwo (events.js:106:13)
14 verbose stack     at EventEmitter.emit (events.js:191:7)
14 verbose stack     at ChildProcess.<anonymous> (C:\Users\Worawut.TONMAN-PC\AppData\Roaming\nvm\v6.2.1\node_modules\npm\lib\utils\spawn.js:24:14)
14 verbose stack     at emitTwo (events.js:106:13)
14 verbose stack     at ChildProcess.emit (events.js:191:7)
14 verbose stack     at maybeClose (internal/child_process.js:852:16)
14 verbose stack     at Process.ChildProcess._handle.onexit (internal/child_process.js:215:5)
15 verbose pkgid graphql@1.0.0
16 verbose cwd C:\Project\GraphQL
17 error Windows_NT 10.0.14393
18 error argv "C:\\Program Files\\nodejs\\node.exe" "C:\\Program Files\\nodejs\\node_modules\\npm\\bin\\npm-cli.js" "start"
19 error node v6.2.1
20 error npm  v3.9.3
21 error code ELIFECYCLE
22 error graphql@1.0.0 start: `node app.js`
22 error Exit status 1
23 error Failed at the graphql@1.0.0 start script 'node app.js'.
23 error Make sure you have the latest version of node.js and npm installed.
23 error If you do, this is most likely a problem with the graphql package,
23 error not with npm itself.
23 error Tell the author that this fails on your system:
23 error     node app.js
23 error You can get information on how to open an issue for this project with:
23 error     npm bugs graphql
23 error Or if that isn't available, you can get their info via:
23 error     npm owner ls graphql
23 error There is likely additional logging output above.
24 verbose exit [ 1, true ]
